INFO:     Will watch for changes in these directories: ['/Users/600mac/Developer/my-company/company-hq/server']
INFO:     Uvicorn running on http://0.0.0.0:8000 (Press CTRL+C to quit)
INFO:     Started reloader process [77456] using WatchFiles
INFO:     Started server process [77461]
INFO:     Waiting for application startup.
INFO:     Application startup complete.
INFO:     125.129.79.39:0 - "GET /api/dashboard HTTP/1.1" 200 OK
INFO:     127.0.0.1:56129 - "GET /api/teams HTTP/1.1" 200 OK
INFO:     125.129.79.39:0 - "POST /api/auth/verify HTTP/1.1" 200 OK
INFO:     125.129.79.39:0 - "GET /api/teams/info HTTP/1.1" 200 OK
INFO:     125.129.79.39:0 - "GET /api/layout/floors HTTP/1.1" 200 OK
INFO:     125.129.79.39:0 - "GET /api/teams HTTP/1.1" 200 OK
INFO:     125.129.79.39:0 - "PUT /api/layout/floors HTTP/1.1" 200 OK
INFO:     125.129.79.39:0 - "GET /api/dashboard HTTP/1.1" 200 OK
INFO:     125.129.79.39:0 - "GET /api/notifications HTTP/1.1" 200 OK
INFO:     125.129.79.39:0 - "GET /api/teams HTTP/1.1" 500 Internal Server Error
ERROR:    Exception in ASGI application
Traceback (most recent call last):
  File "/Users/600mac/Developer/my-company/company-hq/server/venv/lib/python3.14/site-packages/uvicorn/protocols/http/httptools_impl.py", line 416, in run_asgi
    result = await app(  # type: ignore[func-returns-value]
             ^^^^^^^^^^^^^^^^^^^^^^^^^^^^^^^^^^^^^^^^^^^^^^
        self.scope, self.receive, self.send
        ^^^^^^^^^^^^^^^^^^^^^^^^^^^^^^^^^^^
    )
    ^
  File "/Users/600mac/Developer/my-company/company-hq/server/venv/lib/python3.14/site-packages/uvicorn/middleware/proxy_headers.py", line 60, in __call__
    return await self.app(scope, receive, send)
           ^^^^^^^^^^^^^^^^^^^^^^^^^^^^^^^^^^^^
  File "/Users/600mac/Developer/my-company/company-hq/server/venv/lib/python3.14/site-packages/fastapi/applications.py", line 1054, in __call__
    await super().__call__(scope, receive, send)
  File "/Users/600mac/Developer/my-company/company-hq/server/venv/lib/python3.14/site-packages/starlette/applications.py", line 107, in __call__
    await self.middleware_stack(scope, receive, send)
  File "/Users/600mac/Developer/my-company/company-hq/server/venv/lib/python3.14/site-packages/starlette/middleware/errors.py", line 186, in __call__
    raise exc
  File "/Users/600mac/Developer/my-company/company-hq/server/venv/lib/python3.14/site-packages/starlette/middleware/errors.py", line 164, in __call__
    await self.app(scope, receive, _send)
  File "/Users/600mac/Developer/my-company/company-hq/server/venv/lib/python3.14/site-packages/starlette/middleware/cors.py", line 87, in __call__
    await self.app(scope, receive, send)
  File "/Users/600mac/Developer/my-company/company-hq/server/venv/lib/python3.14/site-packages/starlette/middleware/exceptions.py", line 63, in __call__
    await wrap_app_handling_exceptions(self.app, conn)(scope, receive, send)
  File "/Users/600mac/Developer/my-company/company-hq/server/venv/lib/python3.14/site-packages/starlette/_exception_handler.py", line 53, in wrapped_app
    raise exc
  File "/Users/600mac/Developer/my-company/company-hq/server/venv/lib/python3.14/site-packages/starlette/_exception_handler.py", line 42, in wrapped_app
    await app(scope, receive, sender)
  File "/Users/600mac/Developer/my-company/company-hq/server/venv/lib/python3.14/site-packages/starlette/routing.py", line 716, in __call__
    await self.middleware_stack(scope, receive, send)
  File "/Users/600mac/Developer/my-company/company-hq/server/venv/lib/python3.14/site-packages/starlette/routing.py", line 736, in app
    await route.handle(scope, receive, send)
  File "/Users/600mac/Developer/my-company/company-hq/server/venv/lib/python3.14/site-packages/starlette/routing.py", line 290, in handle
    await self.app(scope, receive, send)
  File "/Users/600mac/Developer/my-company/company-hq/server/venv/lib/python3.14/site-packages/starlette/routing.py", line 78, in app
    await wrap_app_handling_exceptions(app, request)(scope, receive, send)
  File "/Users/600mac/Developer/my-company/company-hq/server/venv/lib/python3.14/site-packages/starlette/_exception_handler.py", line 53, in wrapped_app
    raise exc
  File "/Users/600mac/Developer/my-company/company-hq/server/venv/lib/python3.14/site-packages/starlette/_exception_handler.py", line 42, in wrapped_app
    await app(scope, receive, sender)
  File "/Users/600mac/Developer/my-company/company-hq/server/venv/lib/python3.14/site-packages/starlette/routing.py", line 75, in app
    response = await f(request)
               ^^^^^^^^^^^^^^^^
  File "/Users/600mac/Developer/my-company/company-hq/server/venv/lib/python3.14/site-packages/fastapi/routing.py", line 301, in app
    raw_response = await run_endpoint_function(
                   ^^^^^^^^^^^^^^^^^^^^^^^^^^^^
    ...<3 lines>...
    )
    ^
  File "/Users/600mac/Developer/my-company/company-hq/server/venv/lib/python3.14/site-packages/fastapi/routing.py", line 212, in run_endpoint_function
    return await dependant.call(**values)
           ^^^^^^^^^^^^^^^^^^^^^^^^^^^^^^
  File "/Users/600mac/Developer/my-company/company-hq/server/main.py", line 365, in get_teams
    return scan_all(PROJECTS_ROOT, sorted_teams)
  File "/Users/600mac/Developer/my-company/company-hq/server/project_scanner.py", line 94, in scan_all
    scan = scan_project(local_path)
  File "/Users/600mac/Developer/my-company/company-hq/server/project_scanner.py", line 60, in scan_project
    info["dirty"] = repo.is_dirty(untracked_files=True)
                    ~~~~~~~~~~~~~^^^^^^^^^^^^^^^^^^^^^^
  File "/Users/600mac/Developer/my-company/company-hq/server/venv/lib/python3.14/site-packages/git/repo/base.py", line 949, in is_dirty
    if osp.isfile(self.index.path) and len(self.git.diff("--cached", *default_args)):
                                           ~~~~~~~~~~~~~^^^^^^^^^^^^^^^^^^^^^^^^^^^
  File "/Users/600mac/Developer/my-company/company-hq/server/venv/lib/python3.14/site-packages/git/cmd.py", line 986, in <lambda>
    return lambda *args, **kwargs: self._call_process(name, *args, **kwargs)
                                   ~~~~~~~~~~~~~~~~~~^^^^^^^^^^^^^^^^^^^^^^^
  File "/Users/600mac/Developer/my-company/company-hq/server/venv/lib/python3.14/site-packages/git/cmd.py", line 1598, in _call_process
    return self.execute(call, **exec_kwargs)
           ~~~~~~~~~~~~^^^^^^^^^^^^^^^^^^^^^
  File "/Users/600mac/Developer/my-company/company-hq/server/venv/lib/python3.14/site-packages/git/cmd.py", line 1262, in execute
    proc = safer_popen(
        command,
    ...<8 lines>...
        **subprocess_kwargs,
    )
  File "/opt/homebrew/Cellar/python@3.14/3.14.3_1/Frameworks/Python.framework/Versions/3.14/lib/python3.14/subprocess.py", line 1038, in __init__
    self._execute_child(args, executable, preexec_fn, close_fds,
    ~~~~~~~~~~~~~~~~~~~^^^^^^^^^^^^^^^^^^^^^^^^^^^^^^^^^^^^^^^^^
                        pass_fds, cwd, env,
                        ^^^^^^^^^^^^^^^^^^^
    ...<5 lines>...
                        gid, gids, uid, umask,
                        ^^^^^^^^^^^^^^^^^^^^^^
                        start_new_session, process_group)
                        ^^^^^^^^^^^^^^^^^^^^^^^^^^^^^^^^^
  File "/opt/homebrew/Cellar/python@3.14/3.14.3_1/Frameworks/Python.framework/Versions/3.14/lib/python3.14/subprocess.py", line 1885, in _execute_child
    errpipe_read, errpipe_write = os.pipe()
                                  ~~~~~~~^^
OSError: [Errno 24] Too many open files
INFO:     125.129.79.39:0 - "GET /api/layout/floors HTTP/1.1" 200 OK
INFO:     125.129.79.39:0 - "PUT /api/layout/floors HTTP/1.1" 200 OK
INFO:     125.129.79.39:0 - "PUT /api/layout/floors HTTP/1.1" 200 OK
INFO:     125.129.79.39:0 - "GET /api/dashboard HTTP/1.1" 200 OK
INFO:     125.129.79.39:0 - "GET /api/dashboard HTTP/1.1" 200 OK
INFO:     125.129.79.39:0 - "GET /api/dashboard HTTP/1.1" 200 OK
INFO:     125.129.79.39:0 - "GET /api/teams HTTP/1.1" 500 Internal Server Error
ERROR:    Exception in ASGI application
Traceback (most recent call last):
  File "/Users/600mac/Developer/my-company/company-hq/server/venv/lib/python3.14/site-packages/uvicorn/protocols/http/httptools_impl.py", line 416, in run_asgi
    result = await app(  # type: ignore[func-returns-value]
             ^^^^^^^^^^^^^^^^^^^^^^^^^^^^^^^^^^^^^^^^^^^^^^
        self.scope, self.receive, self.send
        ^^^^^^^^^^^^^^^^^^^^^^^^^^^^^^^^^^^
    )
    ^
  File "/Users/600mac/Developer/my-company/company-hq/server/venv/lib/python3.14/site-packages/uvicorn/middleware/proxy_headers.py", line 60, in __call__
    return await self.app(scope, receive, send)
           ^^^^^^^^^^^^^^^^^^^^^^^^^^^^^^^^^^^^
  File "/Users/600mac/Developer/my-company/company-hq/server/venv/lib/python3.14/site-packages/fastapi/applications.py", line 1054, in __call__
    await super().__call__(scope, receive, send)
  File "/Users/600mac/Developer/my-company/company-hq/server/venv/lib/python3.14/site-packages/starlette/applications.py", line 107, in __call__
    await self.middleware_stack(scope, receive, send)
  File "/Users/600mac/Developer/my-company/company-hq/server/venv/lib/python3.14/site-packages/starlette/middleware/errors.py", line 186, in __call__
    raise exc
  File "/Users/600mac/Developer/my-company/company-hq/server/venv/lib/python3.14/site-packages/starlette/middleware/errors.py", line 164, in __call__
    await self.app(scope, receive, _send)
  File "/Users/600mac/Developer/my-company/company-hq/server/venv/lib/python3.14/site-packages/starlette/middleware/cors.py", line 87, in __call__
    await self.app(scope, receive, send)
  File "/Users/600mac/Developer/my-company/company-hq/server/venv/lib/python3.14/site-packages/starlette/middleware/exceptions.py", line 63, in __call__
    await wrap_app_handling_exceptions(self.app, conn)(scope, receive, send)
  File "/Users/600mac/Developer/my-company/company-hq/server/venv/lib/python3.14/site-packages/starlette/_exception_handler.py", line 53, in wrapped_app
    raise exc
  File "/Users/600mac/Developer/my-company/company-hq/server/venv/lib/python3.14/site-packages/starlette/_exception_handler.py", line 42, in wrapped_app
    await app(scope, receive, sender)
  File "/Users/600mac/Developer/my-company/company-hq/server/venv/lib/python3.14/site-packages/starlette/routing.py", line 716, in __call__
    await self.middleware_stack(scope, receive, send)
  File "/Users/600mac/Developer/my-company/company-hq/server/venv/lib/python3.14/site-packages/starlette/routing.py", line 736, in app
    await route.handle(scope, receive, send)
  File "/Users/600mac/Developer/my-company/company-hq/server/venv/lib/python3.14/site-packages/starlette/routing.py", line 290, in handle
    await self.app(scope, receive, send)
  File "/Users/600mac/Developer/my-company/company-hq/server/venv/lib/python3.14/site-packages/starlette/routing.py", line 78, in app
    await wrap_app_handling_exceptions(app, request)(scope, receive, send)
  File "/Users/600mac/Developer/my-company/company-hq/server/venv/lib/python3.14/site-packages/starlette/_exception_handler.py", line 53, in wrapped_app
    raise exc
  File "/Users/600mac/Developer/my-company/company-hq/server/venv/lib/python3.14/site-packages/starlette/_exception_handler.py", line 42, in wrapped_app
    await app(scope, receive, sender)
  File "/Users/600mac/Developer/my-company/company-hq/server/venv/lib/python3.14/site-packages/starlette/routing.py", line 75, in app
    response = await f(request)
               ^^^^^^^^^^^^^^^^
  File "/Users/600mac/Developer/my-company/company-hq/server/venv/lib/python3.14/site-packages/fastapi/routing.py", line 301, in app
    raw_response = await run_endpoint_function(
                   ^^^^^^^^^^^^^^^^^^^^^^^^^^^^
    ...<3 lines>...
    )
    ^
  File "/Users/600mac/Developer/my-company/company-hq/server/venv/lib/python3.14/site-packages/fastapi/routing.py", line 212, in run_endpoint_function
    return await dependant.call(**values)
           ^^^^^^^^^^^^^^^^^^^^^^^^^^^^^^
  File "/Users/600mac/Developer/my-company/company-hq/server/main.py", line 365, in get_teams
    return scan_all(PROJECTS_ROOT, sorted_teams)
  File "/Users/600mac/Developer/my-company/company-hq/server/project_scanner.py", line 94, in scan_all
    scan = scan_project(local_path)
  File "/Users/600mac/Developer/my-company/company-hq/server/project_scanner.py", line 60, in scan_project
    info["dirty"] = repo.is_dirty(untracked_files=True)
                    ~~~~~~~~~~~~~^^^^^^^^^^^^^^^^^^^^^^
  File "/Users/600mac/Developer/my-company/company-hq/server/venv/lib/python3.14/site-packages/git/repo/base.py", line 949, in is_dirty
    if osp.isfile(self.index.path) and len(self.git.diff("--cached", *default_args)):
                                           ~~~~~~~~~~~~~^^^^^^^^^^^^^^^^^^^^^^^^^^^
  File "/Users/600mac/Developer/my-company/company-hq/server/venv/lib/python3.14/site-packages/git/cmd.py", line 986, in <lambda>
    return lambda *args, **kwargs: self._call_process(name, *args, **kwargs)
                                   ~~~~~~~~~~~~~~~~~~^^^^^^^^^^^^^^^^^^^^^^^
  File "/Users/600mac/Developer/my-company/company-hq/server/venv/lib/python3.14/site-packages/git/cmd.py", line 1598, in _call_process
    return self.execute(call, **exec_kwargs)
           ~~~~~~~~~~~~^^^^^^^^^^^^^^^^^^^^^
  File "/Users/600mac/Developer/my-company/company-hq/server/venv/lib/python3.14/site-packages/git/cmd.py", line 1262, in execute
    proc = safer_popen(
        command,
    ...<8 lines>...
        **subprocess_kwargs,
    )
  File "/opt/homebrew/Cellar/python@3.14/3.14.3_1/Frameworks/Python.framework/Versions/3.14/lib/python3.14/subprocess.py", line 1038, in __init__
    self._execute_child(args, executable, preexec_fn, close_fds,
    ~~~~~~~~~~~~~~~~~~~^^^^^^^^^^^^^^^^^^^^^^^^^^^^^^^^^^^^^^^^^
                        pass_fds, cwd, env,
                        ^^^^^^^^^^^^^^^^^^^
    ...<5 lines>...
                        gid, gids, uid, umask,
                        ^^^^^^^^^^^^^^^^^^^^^^
                        start_new_session, process_group)
                        ^^^^^^^^^^^^^^^^^^^^^^^^^^^^^^^^^
  File "/opt/homebrew/Cellar/python@3.14/3.14.3_1/Frameworks/Python.framework/Versions/3.14/lib/python3.14/subprocess.py", line 1885, in _execute_child
    errpipe_read, errpipe_write = os.pipe()
                                  ~~~~~~~^^
OSError: [Errno 24] Too many open files
INFO:     Shutting down
INFO:     Waiting for application shutdown.
INFO:     Application shutdown complete.
INFO:     Finished server process [77461]
INFO:     Stopping reloader process [77456]
